# JRE version: OpenJDK Runtime Environment (17.0.7) (build 17.0.7+0-b2043.56-10550314)
# Java VM: OpenJDK 64-Bit Server VM (17.0.7+0-b2043.56-10550314, mixed mode, tiered, compressed oops, compressed class ptrs, g1 gc, windows-amd64)
GC Precious Log:
 CPUs: 8 total, 8 available
 Memory: 7103M
 Large Page Support: Disabled
 NUMA Support: Disabled
 Compressed Oops: Enabled (32-bit)
 Heap Region Size: 1M
 Heap Min Capacity: 8M
 Heap Initial Capacity: 112M
 Heap Max Capacity: 2G
 Pre-touch: Disabled
 Parallel Workers: 8
 Concurrent Workers: 2
 Concurrent Refinement Workers: 8
 Periodic GC: Disabled
Heap:
 garbage-first heap   total 134144K, used 80866K [0x0000000080000000, 0x0000000100000000)
  region size 1024K, 14 young (14336K), 2 survivors (2048K)
 Metaspace       used 65329K, committed 65920K, reserved 1114112K
  class space    used 8748K, committed 9024K, reserved 1048576K
GC Heap History (20 events):
Event: 7.860 GC heap before
{Heap before GC invocations=15 (full 0):
 garbage-first heap   total 82944K, used 41344K [0x0000000080000000, 0x0000000100000000)
  region size 1024K, 6 young (6144K), 5 survivors (5120K)
 Metaspace       used 54349K, committed 54848K, reserved 1114112K
  class space    used 7312K, committed 7552K, reserved 1048576K
}
Event: 7.865 GC heap after
{Heap after GC invocations=16 (full 0):
 garbage-first heap   total 82944K, used 42326K [0x0000000080000000, 0x0000000100000000)
  region size 1024K, 1 young (1024K), 1 survivors (1024K)
 Metaspace       used 54349K, committed 54848K, reserved 1114112K
  class space    used 7312K, committed 7552K, reserved 1048576K
}
Event: 7.940 GC heap before
{Heap before GC invocations=17 (full 0):
 garbage-first heap   total 83968K, used 50518K [0x0000000080000000, 0x0000000100000000)
  region size 1024K, 6 young (6144K), 1 survivors (1024K)
 Metaspace       used 54453K, committed 54912K, reserved 1114112K
  class space    used 7323K, committed 7552K, reserved 1048576K
}
Event: 7.942 GC heap after
{Heap after GC invocations=18 (full 0):
 garbage-first heap   total 83968K, used 49290K [0x0000000080000000, 0x0000000100000000)
  region size 1024K, 3 young (3072K), 3 survivors (3072K)
 Metaspace       used 54453K, committed 54912K, reserved 1114112K
  class space    used 7323K, committed 7552K, reserved 1048576K
}
Event: 8.097 GC heap before
{Heap before GC invocations=19 (full 0):
 garbage-first heap   total 102400K, used 66698K [0x0000000080000000, 0x0000000100000000)
  region size 1024K, 15 young (15360K), 3 survivors (3072K)
 Metaspace       used 55072K, committed 55552K, reserved 1114112K
  class space    used 7412K, committed 7616K, reserved 1048576K
}
Event: 8.101 GC heap after
{Heap after GC invocations=20 (full 0):
 garbage-first heap   total 102400K, used 58332K [0x0000000080000000, 0x0000000100000000)
  region size 1024K, 2 young (2048K), 2 survivors (2048K)
 Metaspace       used 55072K, committed 55552K, reserved 1114112K
  class space    used 7412K, committed 7616K, reserved 1048576K
}
Event: 8.141 GC heap before
{Heap before GC invocations=20 (full 0):
 garbage-first heap   total 102400K, used 61404K [0x0000000080000000, 0x0000000100000000)
  region size 1024K, 7 young (7168K), 2 survivors (2048K)
 Metaspace       used 55363K, committed 55872K, reserved 1114112K
  class space    used 7434K, committed 7680K, reserved 1048576K
}
Event: 8.143 GC heap after
{Heap after GC invocations=21 (full 0):
 garbage-first heap   total 102400K, used 58819K [0x0000000080000000, 0x0000000100000000)
  region size 1024K, 1 young (1024K), 1 survivors (1024K)
 Metaspace       used 55363K, committed 55872K, reserved 1114112K
  class space    used 7434K, committed 7680K, reserved 1048576K
}
Event: 8.455 GC heap before
{Heap before GC invocations=22 (full 0):
 garbage-first heap   total 107520K, used 77251K [0x0000000080000000, 0x0000000100000000)
  region size 1024K, 18 young (18432K), 1 survivors (1024K)
 Metaspace       used 56895K, committed 57408K, reserved 1114112K
  class space    used 7669K, committed 7872K, reserved 1048576K
}
Event: 8.457 GC heap after
{Heap after GC invocations=23 (full 0):
 garbage-first heap   total 107520K, used 60443K [0x0000000080000000, 0x0000000100000000)
  region size 1024K, 2 young (2048K), 2 survivors (2048K)
 Metaspace       used 56895K, committed 57408K, reserved 1114112K
  class space    used 7669K, committed 7872K, reserved 1048576K
}
Event: 8.493 GC heap before
{Heap before GC invocations=23 (full 0):
 garbage-first heap   total 107520K, used 63515K [0x0000000080000000, 0x0000000100000000)
  region size 1024K, 5 young (5120K), 2 survivors (2048K)
 Metaspace       used 57208K, committed 57728K, reserved 1114112K
  class space    used 7714K, committed 7936K, reserved 1048576K
}
Event: 8.494 GC heap after
{Heap after GC invocations=24 (full 0):
 garbage-first heap   total 107520K, used 60694K [0x0000000080000000, 0x0000000100000000)
  region size 1024K, 1 young (1024K), 1 survivors (1024K)
 Metaspace       used 57208K, committed 57728K, reserved 1114112K
  class space    used 7714K, committed 7936K, reserved 1048576K
}
Event: 8.761 GC heap before
{Heap before GC invocations=24 (full 0):
 garbage-first heap   total 107520K, used 79126K [0x0000000080000000, 0x0000000100000000)
  region size 1024K, 20 young (20480K), 1 survivors (1024K)
 Metaspace       used 59248K, committed 59712K, reserved 1114112K
  class space    used 7936K, committed 8128K, reserved 1048576K
}
Event: 8.764 GC heap after
{Heap after GC invocations=25 (full 0):
 garbage-first heap   total 134144K, used 61182K [0x0000000080000000, 0x0000000100000000)
  region size 1024K, 1 young (1024K), 1 survivors (1024K)
 Metaspace       used 59248K, committed 59712K, reserved 1114112K
  class space    used 7936K, committed 8128K, reserved 1048576K
}
Event: 9.475 GC heap before
{Heap before GC invocations=26 (full 0):
 garbage-first heap   total 134144K, used 97022K [0x0000000080000000, 0x0000000100000000)
  region size 1024K, 36 young (36864K), 1 survivors (1024K)
 Metaspace       used 63949K, committed 64448K, reserved 1114112K
  class space    used 8597K, committed 8832K, reserved 1048576K
}
Event: 9.478 GC heap after
{Heap after GC invocations=27 (full 0):
 garbage-first heap   total 134144K, used 62539K [0x0000000080000000, 0x0000000100000000)
  region size 1024K, 2 young (2048K), 2 survivors (2048K)
 Metaspace       used 63949K, committed 64448K, reserved 1114112K
  class space    used 8597K, committed 8832K, reserved 1048576K
}
Event: 9.588 GC heap before
{Heap before GC invocations=27 (full 0):
 garbage-first heap   total 134144K, used 66635K [0x0000000080000000, 0x0000000100000000)
  region size 1024K, 6 young (6144K), 2 survivors (2048K)
 Metaspace       used 65265K, committed 65856K, reserved 1114112K
  class space    used 8740K, committed 9024K, reserved 1048576K
}
Event: 9.593 GC heap after
{Heap after GC invocations=28 (full 0):
 garbage-first heap   total 134144K, used 63131K [0x0000000080000000, 0x0000000100000000)
  region size 1024K, 1 young (1024K), 1 survivors (1024K)
 Metaspace       used 65265K, committed 65856K, reserved 1114112K
  class space    used 8740K, committed 9024K, reserved 1048576K
}
Event: 9.636 GC heap before
{Heap before GC invocations=28 (full 0):
 garbage-first heap   total 134144K, used 64155K [0x0000000080000000, 0x0000000100000000)
  region size 1024K, 3 young (3072K), 1 survivors (1024K)
 Metaspace       used 65316K, committed 65920K, reserved 1114112K
  class space    used 8746K, committed 9024K, reserved 1048576K
}
Event: 9.637 GC heap after
{Heap after GC invocations=29 (full 0):
 garbage-first heap   total 134144K, used 63458K [0x0000000080000000, 0x0000000100000000)
  region size 1024K, 2 young (2048K), 2 survivors (2048K)
 Metaspace       used 65316K, committed 65920K, reserved 1114112K
  class space    used 8746K, committed 9024K, reserved 1048576K
}

