# JRE version: OpenJDK Runtime Environment (17.0.7) (build 17.0.7+0-b2043.56-10550314)
# Java VM: OpenJDK 64-Bit Server VM (17.0.7+0-b2043.56-10550314, mixed mode, tiered, compressed oops, compressed class ptrs, g1 gc, windows-amd64)
GC Precious Log:
 CPUs: 8 total, 8 available
 Memory: 7103M
 Large Page Support: Disabled
 NUMA Support: Disabled
 Compressed Oops: Enabled (32-bit)
 Heap Region Size: 1M
 Heap Min Capacity: 8M
 Heap Initial Capacity: 112M
 Heap Max Capacity: 2G
 Pre-touch: Disabled
 Parallel Workers: 8
 Concurrent Workers: 2
 Concurrent Refinement Workers: 8
 Periodic GC: Disabled
Heap:
 garbage-first heap   total 198656K, used 113783K [0x0000000080000000, 0x0000000100000000)
  region size 1024K, 4 young (4096K), 4 survivors (4096K)
 Metaspace       used 99829K, committed 100544K, reserved 1179648K
  class space    used 13791K, committed 14144K, reserved 1048576K
GC Heap History (20 events):
Event: 20.856 GC heap after
{Heap after GC invocations=40 (full 0):
 garbage-first heap   total 165888K, used 85116K [0x0000000080000000, 0x0000000100000000)
  region size 1024K, 5 young (5120K), 5 survivors (5120K)
 Metaspace       used 89843K, committed 90496K, reserved 1179648K
  class space    used 12381K, committed 12672K, reserved 1048576K
}
Event: 22.043 GC heap before
{Heap before GC invocations=41 (full 0):
 garbage-first heap   total 165888K, used 138364K [0x0000000080000000, 0x0000000100000000)
  region size 1024K, 57 young (58368K), 5 survivors (5120K)
 Metaspace       used 94875K, committed 95552K, reserved 1179648K
  class space    used 13092K, committed 13440K, reserved 1048576K
}
Event: 22.053 GC heap after
{Heap after GC invocations=42 (full 0):
 garbage-first heap   total 165888K, used 88166K [0x0000000080000000, 0x0000000100000000)
  region size 1024K, 6 young (6144K), 6 survivors (6144K)
 Metaspace       used 94875K, committed 95552K, reserved 1179648K
  class space    used 13092K, committed 13440K, reserved 1048576K
}
Event: 22.854 GC heap before
{Heap before GC invocations=42 (full 0):
 garbage-first heap   total 165888K, used 138342K [0x0000000080000000, 0x0000000100000000)
  region size 1024K, 55 young (56320K), 6 survivors (6144K)
 Metaspace       used 96441K, committed 97088K, reserved 1179648K
  class space    used 13309K, committed 13632K, reserved 1048576K
}
Event: 22.871 GC heap after
{Heap after GC invocations=43 (full 0):
 garbage-first heap   total 165888K, used 94069K [0x0000000080000000, 0x0000000100000000)
  region size 1024K, 7 young (7168K), 7 survivors (7168K)
 Metaspace       used 96441K, committed 97088K, reserved 1179648K
  class space    used 13309K, committed 13632K, reserved 1048576K
}
Event: 23.882 GC heap before
{Heap before GC invocations=44 (full 0):
 garbage-first heap   total 168960K, used 138101K [0x0000000080000000, 0x0000000100000000)
  region size 1024K, 50 young (51200K), 7 survivors (7168K)
 Metaspace       used 97995K, committed 98752K, reserved 1179648K
  class space    used 13583K, committed 13952K, reserved 1048576K
}
Event: 23.896 GC heap after
{Heap after GC invocations=45 (full 0):
 garbage-first heap   total 168960K, used 101152K [0x0000000080000000, 0x0000000100000000)
  region size 1024K, 7 young (7168K), 7 survivors (7168K)
 Metaspace       used 97995K, committed 98752K, reserved 1179648K
  class space    used 13583K, committed 13952K, reserved 1048576K
}
Event: 23.937 GC heap before
{Heap before GC invocations=45 (full 0):
 garbage-first heap   total 168960K, used 102176K [0x0000000080000000, 0x0000000100000000)
  region size 1024K, 8 young (8192K), 7 survivors (7168K)
 Metaspace       used 98048K, committed 98816K, reserved 1179648K
  class space    used 13585K, committed 13952K, reserved 1048576K
}
Event: 23.945 GC heap after
{Heap after GC invocations=46 (full 0):
 garbage-first heap   total 168960K, used 101233K [0x0000000080000000, 0x0000000100000000)
  region size 1024K, 1 young (1024K), 1 survivors (1024K)
 Metaspace       used 98048K, committed 98816K, reserved 1179648K
  class space    used 13585K, committed 13952K, reserved 1048576K
}
Event: 24.620 GC heap before
{Heap before GC invocations=46 (full 0):
 garbage-first heap   total 168960K, used 138097K [0x0000000080000000, 0x0000000100000000)
  region size 1024K, 38 young (38912K), 1 survivors (1024K)
 Metaspace       used 98712K, committed 99456K, reserved 1179648K
  class space    used 13709K, committed 14080K, reserved 1048576K
}
Event: 24.626 GC heap after
{Heap after GC invocations=47 (full 0):
 garbage-first heap   total 168960K, used 103365K [0x0000000080000000, 0x0000000100000000)
  region size 1024K, 4 young (4096K), 4 survivors (4096K)
 Metaspace       used 98712K, committed 99456K, reserved 1179648K
  class space    used 13709K, committed 14080K, reserved 1048576K
}
Event: 25.341 GC heap before
{Heap before GC invocations=47 (full 0):
 garbage-first heap   total 168960K, used 138181K [0x0000000080000000, 0x0000000100000000)
  region size 1024K, 39 young (39936K), 4 survivors (4096K)
 Metaspace       used 99193K, committed 99904K, reserved 1179648K
  class space    used 13746K, committed 14080K, reserved 1048576K
}
Event: 25.349 GC heap after
{Heap after GC invocations=48 (full 0):
 garbage-first heap   total 168960K, used 106062K [0x0000000080000000, 0x0000000100000000)
  region size 1024K, 3 young (3072K), 3 survivors (3072K)
 Metaspace       used 99193K, committed 99904K, reserved 1179648K
  class space    used 13746K, committed 14080K, reserved 1048576K
}
Event: 25.778 GC heap before
{Heap before GC invocations=48 (full 0):
 garbage-first heap   total 168960K, used 139854K [0x0000000080000000, 0x0000000100000000)
  region size 1024K, 37 young (37888K), 3 survivors (3072K)
 Metaspace       used 99412K, committed 100224K, reserved 1179648K
  class space    used 13749K, committed 14144K, reserved 1048576K
}
Event: 25.784 GC heap after
{Heap after GC invocations=49 (full 0):
 garbage-first heap   total 168960K, used 108547K [0x0000000080000000, 0x0000000100000000)
  region size 1024K, 3 young (3072K), 3 survivors (3072K)
 Metaspace       used 99412K, committed 100224K, reserved 1179648K
  class space    used 13749K, committed 14144K, reserved 1048576K
}
Event: 26.312 GC heap before
{Heap before GC invocations=50 (full 0):
 garbage-first heap   total 198656K, used 141315K [0x0000000080000000, 0x0000000100000000)
  region size 1024K, 36 young (36864K), 3 survivors (3072K)
 Metaspace       used 99678K, committed 100416K, reserved 1179648K
  class space    used 13782K, committed 14144K, reserved 1048576K
}
Event: 26.320 GC heap after
{Heap after GC invocations=51 (full 0):
 garbage-first heap   total 198656K, used 110786K [0x0000000080000000, 0x0000000100000000)
  region size 1024K, 5 young (5120K), 5 survivors (5120K)
 Metaspace       used 99678K, committed 100416K, reserved 1179648K
  class space    used 13782K, committed 14144K, reserved 1048576K
}
Event: 26.374 GC heap before
{Heap before GC invocations=51 (full 0):
 garbage-first heap   total 198656K, used 114882K [0x0000000080000000, 0x0000000100000000)
  region size 1024K, 9 young (9216K), 5 survivors (5120K)
 Metaspace       used 99698K, committed 100416K, reserved 1179648K
  class space    used 13785K, committed 14144K, reserved 1048576K
}
Event: 26.381 GC heap after
{Heap after GC invocations=52 (full 0):
 garbage-first heap   total 198656K, used 110957K [0x0000000080000000, 0x0000000100000000)
  region size 1024K, 1 young (1024K), 1 survivors (1024K)
 Metaspace       used 99698K, committed 100416K, reserved 1179648K
  class space    used 13785K, committed 14144K, reserved 1048576K
}
Event: 26.932 GC heap before
{Heap before GC invocations=52 (full 0):
 garbage-first heap   total 198656K, used 164205K [0x0000000080000000, 0x0000000100000000)
  region size 1024K, 54 young (55296K), 1 survivors (1024K)
 Metaspace       used 99829K, committed 100544K, reserved 1179648K
  class space    used 13791K, committed 14144K, reserved 1048576K
}

