# JRE version: OpenJDK Runtime Environment (17.0.7) (build 17.0.7+0-b2043.56-10550314)
# Java VM: OpenJDK 64-Bit Server VM (17.0.7+0-b2043.56-10550314, mixed mode, tiered, compressed oops, compressed class ptrs, g1 gc, windows-amd64)
GC Precious Log:
 CPUs: 8 total, 8 available
 Memory: 7103M
 Large Page Support: Disabled
 NUMA Support: Disabled
 Compressed Oops: Enabled (32-bit)
 Heap Region Size: 1M
 Heap Min Capacity: 8M
 Heap Initial Capacity: 112M
 Heap Max Capacity: 2G
 Pre-touch: Disabled
 Parallel Workers: 8
 Concurrent Workers: 2
 Concurrent Refinement Workers: 8
 Periodic GC: Disabled
Heap:
 garbage-first heap   total 219136K, used 116501K [0x0000000080000000, 0x0000000100000000)
  region size 1024K, 52 young (53248K), 8 survivors (8192K)
 Metaspace       used 72707K, committed 73280K, reserved 1114112K
  class space    used 9795K, committed 10048K, reserved 1048576K
GC Heap History (20 events):
Event: 6.152 GC heap before
{Heap before GC invocations=11 (full 0):
 garbage-first heap   total 86016K, used 66744K [0x0000000080000000, 0x0000000100000000)
  region size 1024K, 36 young (36864K), 3 survivors (3072K)
 Metaspace       used 46789K, committed 47296K, reserved 1114112K
  class space    used 6164K, committed 6400K, reserved 1048576K
}
Event: 6.156 GC heap after
{Heap after GC invocations=12 (full 0):
 garbage-first heap   total 86016K, used 33122K [0x0000000080000000, 0x0000000100000000)
  region size 1024K, 3 young (3072K), 3 survivors (3072K)
 Metaspace       used 46789K, committed 47296K, reserved 1114112K
  class space    used 6164K, committed 6400K, reserved 1048576K
}
Event: 6.739 GC heap before
{Heap before GC invocations=12 (full 0):
 garbage-first heap   total 86016K, used 64866K [0x0000000080000000, 0x0000000100000000)
  region size 1024K, 34 young (34816K), 3 survivors (3072K)
 Metaspace       used 50567K, committed 50944K, reserved 1114112K
  class space    used 6802K, committed 6976K, reserved 1048576K
}
Event: 6.743 GC heap after
{Heap after GC invocations=13 (full 0):
 garbage-first heap   total 86016K, used 34372K [0x0000000080000000, 0x0000000100000000)
  region size 1024K, 4 young (4096K), 4 survivors (4096K)
 Metaspace       used 50567K, committed 50944K, reserved 1114112K
  class space    used 6802K, committed 6976K, reserved 1048576K
}
Event: 7.582 GC heap before
{Heap before GC invocations=13 (full 0):
 garbage-first heap   total 86016K, used 66116K [0x0000000080000000, 0x0000000100000000)
  region size 1024K, 35 young (35840K), 4 survivors (4096K)
 Metaspace       used 53598K, committed 54016K, reserved 1114112K
  class space    used 7232K, committed 7424K, reserved 1048576K
}
Event: 7.588 GC heap after
{Heap after GC invocations=14 (full 0):
 garbage-first heap   total 86016K, used 37313K [0x0000000080000000, 0x0000000100000000)
  region size 1024K, 5 young (5120K), 5 survivors (5120K)
 Metaspace       used 53598K, committed 54016K, reserved 1114112K
  class space    used 7232K, committed 7424K, reserved 1048576K
}
Event: 8.017 GC heap before
{Heap before GC invocations=14 (full 0):
 garbage-first heap   total 86016K, used 63937K [0x0000000080000000, 0x0000000100000000)
  region size 1024K, 29 young (29696K), 5 survivors (5120K)
 Metaspace       used 54348K, committed 54848K, reserved 1114112K
  class space    used 7324K, committed 7552K, reserved 1048576K
}
Event: 8.022 GC heap after
{Heap after GC invocations=15 (full 0):
 garbage-first heap   total 86016K, used 45497K [0x0000000080000000, 0x0000000100000000)
  region size 1024K, 5 young (5120K), 5 survivors (5120K)
 Metaspace       used 54348K, committed 54848K, reserved 1114112K
  class space    used 7324K, committed 7552K, reserved 1048576K
}
Event: 8.278 GC heap before
{Heap before GC invocations=16 (full 0):
 garbage-first heap   total 87040K, used 74169K [0x0000000080000000, 0x0000000100000000)
  region size 1024K, 25 young (25600K), 5 survivors (5120K)
 Metaspace       used 55350K, committed 55872K, reserved 1114112K
  class space    used 7444K, committed 7680K, reserved 1048576K
}
Event: 8.283 GC heap after
{Heap after GC invocations=17 (full 0):
 garbage-first heap   total 89088K, used 61233K [0x0000000080000000, 0x0000000100000000)
  region size 1024K, 4 young (4096K), 4 survivors (4096K)
 Metaspace       used 55350K, committed 55872K, reserved 1114112K
  class space    used 7444K, committed 7680K, reserved 1048576K
}
Event: 8.291 GC heap before
{Heap before GC invocations=17 (full 0):
 garbage-first heap   total 89088K, used 62257K [0x0000000080000000, 0x0000000100000000)
  region size 1024K, 5 young (5120K), 4 survivors (4096K)
 Metaspace       used 55425K, committed 55936K, reserved 1114112K
  class space    used 7457K, committed 7680K, reserved 1048576K
}
Event: 8.295 GC heap after
{Heap after GC invocations=18 (full 0):
 garbage-first heap   total 89088K, used 60612K [0x0000000080000000, 0x0000000100000000)
  region size 1024K, 1 young (1024K), 1 survivors (1024K)
 Metaspace       used 55425K, committed 55936K, reserved 1114112K
  class space    used 7457K, committed 7680K, reserved 1048576K
}
Event: 8.469 GC heap before
{Heap before GC invocations=18 (full 0):
 garbage-first heap   total 89088K, used 70852K [0x0000000080000000, 0x0000000100000000)
  region size 1024K, 12 young (12288K), 1 survivors (1024K)
 Metaspace       used 56429K, committed 56896K, reserved 1114112K
  class space    used 7614K, committed 7808K, reserved 1048576K
}
Event: 8.471 GC heap after
{Heap after GC invocations=19 (full 0):
 garbage-first heap   total 89088K, used 60778K [0x0000000080000000, 0x0000000100000000)
  region size 1024K, 1 young (1024K), 1 survivors (1024K)
 Metaspace       used 56429K, committed 56896K, reserved 1114112K
  class space    used 7614K, committed 7808K, reserved 1048576K
}
Event: 8.656 GC heap before
{Heap before GC invocations=20 (full 0):
 garbage-first heap   total 109568K, used 72042K [0x0000000080000000, 0x0000000100000000)
  region size 1024K, 13 young (13312K), 1 survivors (1024K)
 Metaspace       used 57479K, committed 57984K, reserved 1114112K
  class space    used 7765K, committed 8000K, reserved 1048576K
}
Event: 8.658 GC heap after
{Heap after GC invocations=21 (full 0):
 garbage-first heap   total 109568K, used 61378K [0x0000000080000000, 0x0000000100000000)
  region size 1024K, 1 young (1024K), 1 survivors (1024K)
 Metaspace       used 57479K, committed 57984K, reserved 1114112K
  class space    used 7765K, committed 8000K, reserved 1048576K
}
Event: 8.727 GC heap before
{Heap before GC invocations=21 (full 0):
 garbage-first heap   total 109568K, used 65474K [0x0000000080000000, 0x0000000100000000)
  region size 1024K, 5 young (5120K), 1 survivors (1024K)
 Metaspace       used 57978K, committed 58496K, reserved 1114112K
  class space    used 7834K, committed 8064K, reserved 1048576K
}
Event: 8.730 GC heap after
{Heap after GC invocations=22 (full 0):
 garbage-first heap   total 219136K, used 61350K [0x0000000080000000, 0x0000000100000000)
  region size 1024K, 1 young (1024K), 1 survivors (1024K)
 Metaspace       used 57978K, committed 58496K, reserved 1114112K
  class space    used 7834K, committed 8064K, reserved 1048576K
}
Event: 10.449 GC heap before
{Heap before GC invocations=22 (full 0):
 garbage-first heap   total 219136K, used 175014K [0x0000000080000000, 0x0000000100000000)
  region size 1024K, 106 young (108544K), 1 survivors (1024K)
 Metaspace       used 68534K, committed 69120K, reserved 1114112K
  class space    used 9198K, committed 9472K, reserved 1048576K
}
Event: 10.456 GC heap after
{Heap after GC invocations=23 (full 0):
 garbage-first heap   total 219136K, used 68373K [0x0000000080000000, 0x0000000100000000)
  region size 1024K, 8 young (8192K), 8 survivors (8192K)
 Metaspace       used 68534K, committed 69120K, reserved 1114112K
  class space    used 9198K, committed 9472K, reserved 1048576K
}

