# JRE version: OpenJDK Runtime Environment (17.0.7) (build 17.0.7+0-b2043.56-10550314)
# Java VM: OpenJDK 64-Bit Server VM (17.0.7+0-b2043.56-10550314, mixed mode, tiered, compressed oops, compressed class ptrs, g1 gc, windows-amd64)
GC Precious Log:
 CPUs: 8 total, 8 available
 Memory: 7103M
 Large Page Support: Disabled
 NUMA Support: Disabled
 Compressed Oops: Enabled (32-bit)
 Heap Region Size: 1M
 Heap Min Capacity: 8M
 Heap Initial Capacity: 112M
 Heap Max Capacity: 2G
 Pre-touch: Disabled
 Parallel Workers: 8
 Concurrent Workers: 2
 Concurrent Refinement Workers: 8
 Periodic GC: Disabled
Heap:
 garbage-first heap   total 164864K, used 101506K [0x0000000080000000, 0x0000000100000000)
  region size 1024K, 5 young (5120K), 5 survivors (5120K)
 Metaspace       used 97582K, committed 98240K, reserved 1179648K
  class space    used 13545K, committed 13888K, reserved 1048576K
GC Heap History (20 events):
Event: 31.470 GC heap after
{Heap after GC invocations=51 (full 0):
 garbage-first heap   total 137216K, used 80147K [0x0000000080000000, 0x0000000100000000)
  region size 1024K, 4 young (4096K), 4 survivors (4096K)
 Metaspace       used 78082K, committed 78656K, reserved 1179648K
  class space    used 10505K, committed 10816K, reserved 1048576K
}
Event: 32.128 GC heap before
{Heap before GC invocations=51 (full 0):
 garbage-first heap   total 137216K, used 110867K [0x0000000080000000, 0x0000000100000000)
  region size 1024K, 34 young (34816K), 4 survivors (4096K)
 Metaspace       used 79779K, committed 80384K, reserved 1179648K
  class space    used 10745K, committed 11008K, reserved 1048576K
}
Event: 32.133 GC heap after
{Heap after GC invocations=52 (full 0):
 garbage-first heap   total 164864K, used 82092K [0x0000000080000000, 0x0000000100000000)
  region size 1024K, 3 young (3072K), 3 survivors (3072K)
 Metaspace       used 79779K, committed 80384K, reserved 1179648K
  class space    used 10745K, committed 11008K, reserved 1048576K
}
Event: 32.954 GC heap before
{Heap before GC invocations=53 (full 0):
 garbage-first heap   total 164864K, used 128172K [0x0000000080000000, 0x0000000100000000)
  region size 1024K, 47 young (48128K), 3 survivors (3072K)
 Metaspace       used 83221K, committed 83840K, reserved 1179648K
  class space    used 11409K, committed 11712K, reserved 1048576K
}
Event: 32.958 GC heap after
{Heap after GC invocations=54 (full 0):
 garbage-first heap   total 164864K, used 83579K [0x0000000080000000, 0x0000000100000000)
  region size 1024K, 4 young (4096K), 4 survivors (4096K)
 Metaspace       used 83221K, committed 83840K, reserved 1179648K
  class space    used 11409K, committed 11712K, reserved 1048576K
}
Event: 33.016 GC heap before
{Heap before GC invocations=54 (full 0):
 garbage-first heap   total 164864K, used 86651K [0x0000000080000000, 0x0000000100000000)
  region size 1024K, 8 young (8192K), 4 survivors (4096K)
 Metaspace       used 83558K, committed 84160K, reserved 1179648K
  class space    used 11466K, committed 11776K, reserved 1048576K
}
Event: 33.020 GC heap after
{Heap after GC invocations=55 (full 0):
 garbage-first heap   total 164864K, used 83244K [0x0000000080000000, 0x0000000100000000)
  region size 1024K, 1 young (1024K), 1 survivors (1024K)
 Metaspace       used 83558K, committed 84160K, reserved 1179648K
  class space    used 11466K, committed 11776K, reserved 1048576K
}
Event: 33.739 GC heap before
{Heap before GC invocations=55 (full 0):
 garbage-first heap   total 164864K, used 130348K [0x0000000080000000, 0x0000000100000000)
  region size 1024K, 47 young (48128K), 1 survivors (1024K)
 Metaspace       used 86830K, committed 87424K, reserved 1179648K
  class space    used 11942K, committed 12224K, reserved 1048576K
}
Event: 33.744 GC heap after
{Heap after GC invocations=56 (full 0):
 garbage-first heap   total 164864K, used 85516K [0x0000000080000000, 0x0000000100000000)
  region size 1024K, 3 young (3072K), 3 survivors (3072K)
 Metaspace       used 86830K, committed 87424K, reserved 1179648K
  class space    used 11942K, committed 12224K, reserved 1048576K
}
Event: 34.776 GC heap before
{Heap before GC invocations=57 (full 0):
 garbage-first heap   total 164864K, used 131596K [0x0000000080000000, 0x0000000100000000)
  region size 1024K, 48 young (49152K), 3 survivors (3072K)
 Metaspace       used 90581K, committed 91136K, reserved 1179648K
  class space    used 12505K, committed 12800K, reserved 1048576K
}
Event: 34.784 GC heap after
{Heap after GC invocations=58 (full 0):
 garbage-first heap   total 164864K, used 88263K [0x0000000080000000, 0x0000000100000000)
  region size 1024K, 6 young (6144K), 6 survivors (6144K)
 Metaspace       used 90581K, committed 91136K, reserved 1179648K
  class space    used 12505K, committed 12800K, reserved 1048576K
}
Event: 34.807 GC heap before
{Heap before GC invocations=58 (full 0):
 garbage-first heap   total 164864K, used 90311K [0x0000000080000000, 0x0000000100000000)
  region size 1024K, 8 young (8192K), 6 survivors (6144K)
 Metaspace       used 90761K, committed 91392K, reserved 1179648K
  class space    used 12530K, committed 12800K, reserved 1048576K
}
Event: 34.813 GC heap after
{Heap after GC invocations=59 (full 0):
 garbage-first heap   total 164864K, used 89119K [0x0000000080000000, 0x0000000100000000)
  region size 1024K, 1 young (1024K), 1 survivors (1024K)
 Metaspace       used 90761K, committed 91392K, reserved 1179648K
  class space    used 12530K, committed 12800K, reserved 1048576K
}
Event: 35.550 GC heap before
{Heap before GC invocations=59 (full 0):
 garbage-first heap   total 164864K, used 134175K [0x0000000080000000, 0x0000000100000000)
  region size 1024K, 45 young (46080K), 1 survivors (1024K)
 Metaspace       used 94973K, committed 95616K, reserved 1179648K
  class space    used 13110K, committed 13440K, reserved 1048576K
}
Event: 35.554 GC heap after
{Heap after GC invocations=60 (full 0):
 garbage-first heap   total 164864K, used 91197K [0x0000000080000000, 0x0000000100000000)
  region size 1024K, 3 young (3072K), 3 survivors (3072K)
 Metaspace       used 94973K, committed 95616K, reserved 1179648K
  class space    used 13110K, committed 13440K, reserved 1048576K
}
Event: 36.109 GC heap before
{Heap before GC invocations=61 (full 0):
 garbage-first heap   total 164864K, used 135229K [0x0000000080000000, 0x0000000100000000)
  region size 1024K, 46 young (47104K), 3 survivors (3072K)
 Metaspace       used 96474K, committed 97088K, reserved 1179648K
  class space    used 13324K, committed 13632K, reserved 1048576K
}
Event: 36.117 GC heap after
{Heap after GC invocations=62 (full 0):
 garbage-first heap   total 164864K, used 96182K [0x0000000080000000, 0x0000000100000000)
  region size 1024K, 6 young (6144K), 6 survivors (6144K)
 Metaspace       used 96474K, committed 97088K, reserved 1179648K
  class space    used 13324K, committed 13632K, reserved 1048576K
}
Event: 36.135 GC heap before
{Heap before GC invocations=62 (full 0):
 garbage-first heap   total 164864K, used 98230K [0x0000000080000000, 0x0000000100000000)
  region size 1024K, 8 young (8192K), 6 survivors (6144K)
 Metaspace       used 96476K, committed 97088K, reserved 1179648K
  class space    used 13324K, committed 13632K, reserved 1048576K
}
Event: 36.141 GC heap after
{Heap after GC invocations=63 (full 0):
 garbage-first heap   total 164864K, used 96591K [0x0000000080000000, 0x0000000100000000)
  region size 1024K, 1 young (1024K), 1 survivors (1024K)
 Metaspace       used 96476K, committed 97088K, reserved 1179648K
  class space    used 13324K, committed 13632K, reserved 1048576K
}
Event: 36.578 GC heap before
{Heap before GC invocations=63 (full 0):
 garbage-first heap   total 164864K, used 135503K [0x0000000080000000, 0x0000000100000000)
  region size 1024K, 39 young (39936K), 1 survivors (1024K)
 Metaspace       used 97582K, committed 98240K, reserved 1179648K
  class space    used 13545K, committed 13888K, reserved 1048576K
}

