# JRE version: OpenJDK Runtime Environment (17.0.7) (build 17.0.7+0-b2043.56-10550314)
# Java VM: OpenJDK 64-Bit Server VM (17.0.7+0-b2043.56-10550314, mixed mode, tiered, compressed oops, compressed class ptrs, g1 gc, windows-amd64)
GC Precious Log:
 CPUs: 8 total, 8 available
 Memory: 7103M
 Large Page Support: Disabled
 NUMA Support: Disabled
 Compressed Oops: Enabled (32-bit)
 Heap Region Size: 1M
 Heap Min Capacity: 8M
 Heap Initial Capacity: 112M
 Heap Max Capacity: 1776M
 Pre-touch: Disabled
 Parallel Workers: 8
 Concurrent Workers: 2
 Concurrent Refinement Workers: 8
 Periodic GC: Disabled
Heap:
 garbage-first heap   total 61440K, used 37252K [0x0000000091000000, 0x0000000100000000)
  region size 1024K, 21 young (21504K), 1 survivors (1024K)
 Metaspace       used 40697K, committed 40960K, reserved 1114112K
  class space    used 4938K, committed 5056K, reserved 1048576K
GC Heap History (16 events):
Event: 1.104 GC heap before
{Heap before GC invocations=0 (full 0):
 garbage-first heap   total 114688K, used 27648K [0x0000000091000000, 0x0000000100000000)
  region size 1024K, 23 young (23552K), 0 survivors (0K)
 Metaspace       used 14496K, committed 14656K, reserved 1114112K
  class space    used 1441K, committed 1536K, reserved 1048576K
}
Event: 1.112 GC heap after
{Heap after GC invocations=1 (full 0):
 garbage-first heap   total 114688K, used 7050K [0x0000000091000000, 0x0000000100000000)
  region size 1024K, 3 young (3072K), 3 survivors (3072K)
 Metaspace       used 14496K, committed 14656K, reserved 1114112K
  class space    used 1441K, committed 1536K, reserved 1048576K
}
Event: 1.739 GC heap before
{Heap before GC invocations=1 (full 0):
 garbage-first heap   total 114688K, used 26506K [0x0000000091000000, 0x0000000100000000)
  region size 1024K, 23 young (23552K), 3 survivors (3072K)
 Metaspace       used 21343K, committed 21504K, reserved 1114112K
  class space    used 2414K, committed 2496K, reserved 1048576K
}
Event: 1.747 GC heap after
{Heap after GC invocations=2 (full 0):
 garbage-first heap   total 114688K, used 7763K [0x0000000091000000, 0x0000000100000000)
  region size 1024K, 1 young (1024K), 1 survivors (1024K)
 Metaspace       used 21343K, committed 21504K, reserved 1114112K
  class space    used 2414K, committed 2496K, reserved 1048576K
}
Event: 2.128 GC heap before
{Heap before GC invocations=3 (full 0):
 garbage-first heap   total 30720K, used 25171K [0x0000000091000000, 0x0000000100000000)
  region size 1024K, 17 young (17408K), 1 survivors (1024K)
 Metaspace       used 22885K, committed 23104K, reserved 1114112K
  class space    used 2777K, committed 2880K, reserved 1048576K
}
Event: 2.147 GC heap after
{Heap after GC invocations=4 (full 0):
 garbage-first heap   total 32768K, used 14261K [0x0000000091000000, 0x0000000100000000)
  region size 1024K, 3 young (3072K), 3 survivors (3072K)
 Metaspace       used 22885K, committed 23104K, reserved 1114112K
  class space    used 2777K, committed 2880K, reserved 1048576K
}
Event: 2.183 GC heap before
{Heap before GC invocations=4 (full 0):
 garbage-first heap   total 32768K, used 15285K [0x0000000091000000, 0x0000000100000000)
  region size 1024K, 4 young (4096K), 3 survivors (3072K)
 Metaspace       used 23032K, committed 23232K, reserved 1114112K
  class space    used 2802K, committed 2880K, reserved 1048576K
}
Event: 2.194 GC heap after
{Heap after GC invocations=5 (full 0):
 garbage-first heap   total 32768K, used 14759K [0x0000000091000000, 0x0000000100000000)
  region size 1024K, 1 young (1024K), 1 survivors (1024K)
 Metaspace       used 23032K, committed 23232K, reserved 1114112K
  class space    used 2802K, committed 2880K, reserved 1048576K
}
Event: 2.503 GC heap before
{Heap before GC invocations=5 (full 0):
 garbage-first heap   total 32768K, used 22951K [0x0000000091000000, 0x0000000100000000)
  region size 1024K, 9 young (9216K), 1 survivors (1024K)
 Metaspace       used 25697K, committed 25920K, reserved 1114112K
  class space    used 3311K, committed 3392K, reserved 1048576K
}
Event: 2.512 GC heap after
{Heap after GC invocations=6 (full 0):
 garbage-first heap   total 32768K, used 15061K [0x0000000091000000, 0x0000000100000000)
  region size 1024K, 1 young (1024K), 1 survivors (1024K)
 Metaspace       used 25697K, committed 25920K, reserved 1114112K
  class space    used 3311K, committed 3392K, reserved 1048576K
}
Event: 2.771 GC heap before
{Heap before GC invocations=6 (full 0):
 garbage-first heap   total 32768K, used 22229K [0x0000000091000000, 0x0000000100000000)
  region size 1024K, 9 young (9216K), 1 survivors (1024K)
 Metaspace       used 27758K, committed 27904K, reserved 1114112K
  class space    used 3539K, committed 3584K, reserved 1048576K
}
Event: 2.776 GC heap after
{Heap after GC invocations=7 (full 0):
 garbage-first heap   total 61440K, used 16116K [0x0000000091000000, 0x0000000100000000)
  region size 1024K, 2 young (2048K), 2 survivors (2048K)
 Metaspace       used 27758K, committed 27904K, reserved 1114112K
  class space    used 3539K, committed 3584K, reserved 1048576K
}
Event: 3.483 GC heap before
{Heap before GC invocations=7 (full 0):
 garbage-first heap   total 61440K, used 44788K [0x0000000091000000, 0x0000000100000000)
  region size 1024K, 30 young (30720K), 2 survivors (2048K)
 Metaspace       used 33617K, committed 33856K, reserved 1114112K
  class space    used 4102K, committed 4224K, reserved 1048576K
}
Event: 3.500 GC heap after
{Heap after GC invocations=8 (full 0):
 garbage-first heap   total 61440K, used 17079K [0x0000000091000000, 0x0000000100000000)
  region size 1024K, 4 young (4096K), 4 survivors (4096K)
 Metaspace       used 33617K, committed 33856K, reserved 1114112K
  class space    used 4102K, committed 4224K, reserved 1048576K
}
Event: 3.811 GC heap before
{Heap before GC invocations=8 (full 0):
 garbage-first heap   total 61440K, used 27319K [0x0000000091000000, 0x0000000100000000)
  region size 1024K, 15 young (15360K), 4 survivors (4096K)
 Metaspace       used 35777K, committed 35968K, reserved 1114112K
  class space    used 4337K, committed 4480K, reserved 1048576K
}
Event: 3.822 GC heap after
{Heap after GC invocations=9 (full 0):
 garbage-first heap   total 61440K, used 17796K [0x0000000091000000, 0x0000000100000000)
  region size 1024K, 1 young (1024K), 1 survivors (1024K)
 Metaspace       used 35777K, committed 35968K, reserved 1114112K
  class space    used 4337K, committed 4480K, reserved 1048576K
}

