# JRE version: OpenJDK Runtime Environment (17.0.7) (build 17.0.7+0-b2043.56-10550314)
# Java VM: OpenJDK 64-Bit Server VM (17.0.7+0-b2043.56-10550314, mixed mode, tiered, compressed oops, compressed class ptrs, g1 gc, windows-amd64)
GC Precious Log:
 CPUs: 8 total, 8 available
 Memory: 7103M
 Large Page Support: Disabled
 NUMA Support: Disabled
 Compressed Oops: Enabled (32-bit)
 Heap Region Size: 1M
 Heap Min Capacity: 8M
 Heap Initial Capacity: 112M
 Heap Max Capacity: 1776M
 Pre-touch: Disabled
 Parallel Workers: 8
 Concurrent Workers: 2
 Concurrent Refinement Workers: 8
 Periodic GC: Disabled
Heap:
 garbage-first heap   total 66560K, used 48763K [0x0000000091000000, 0x0000000100000000)
  region size 1024K, 16 young (16384K), 3 survivors (3072K)
 Metaspace       used 48376K, committed 48576K, reserved 1114112K
  class space    used 5678K, committed 5760K, reserved 1048576K
GC Heap History (20 events):
Event: 2.427 GC heap before
{Heap before GC invocations=5 (full 0):
 garbage-first heap   total 32768K, used 22140K [0x0000000091000000, 0x0000000100000000)
  region size 1024K, 8 young (8192K), 1 survivors (1024K)
 Metaspace       used 25497K, committed 25664K, reserved 1114112K
  class space    used 3299K, committed 3392K, reserved 1048576K
}
Event: 2.434 GC heap after
{Heap after GC invocations=6 (full 0):
 garbage-first heap   total 32768K, used 15147K [0x0000000091000000, 0x0000000100000000)
  region size 1024K, 1 young (1024K), 1 survivors (1024K)
 Metaspace       used 25497K, committed 25664K, reserved 1114112K
  class space    used 3299K, committed 3392K, reserved 1048576K
}
Event: 2.701 GC heap before
{Heap before GC invocations=7 (full 0):
 garbage-first heap   total 32768K, used 22315K [0x0000000091000000, 0x0000000100000000)
  region size 1024K, 9 young (9216K), 1 survivors (1024K)
 Metaspace       used 27602K, committed 27776K, reserved 1114112K
  class space    used 3528K, committed 3584K, reserved 1048576K
}
Event: 2.705 GC heap after
{Heap after GC invocations=8 (full 0):
 garbage-first heap   total 32768K, used 16030K [0x0000000091000000, 0x0000000100000000)
  region size 1024K, 2 young (2048K), 2 survivors (2048K)
 Metaspace       used 27602K, committed 27776K, reserved 1114112K
  class space    used 3528K, committed 3584K, reserved 1048576K
}
Event: 2.928 GC heap before
{Heap before GC invocations=8 (full 0):
 garbage-first heap   total 32768K, used 22174K [0x0000000091000000, 0x0000000100000000)
  region size 1024K, 9 young (9216K), 2 survivors (2048K)
 Metaspace       used 28967K, committed 29184K, reserved 1114112K
  class space    used 3684K, committed 3776K, reserved 1048576K
}
Event: 2.934 GC heap after
{Heap after GC invocations=9 (full 0):
 garbage-first heap   total 57344K, used 14896K [0x0000000091000000, 0x0000000100000000)
  region size 1024K, 2 young (2048K), 2 survivors (2048K)
 Metaspace       used 28967K, committed 29184K, reserved 1114112K
  class space    used 3684K, committed 3776K, reserved 1048576K
}
Event: 3.598 GC heap before
{Heap before GC invocations=10 (full 0):
 garbage-first heap   total 55296K, used 41520K [0x0000000091000000, 0x0000000100000000)
  region size 1024K, 28 young (28672K), 2 survivors (2048K)
 Metaspace       used 34491K, committed 34688K, reserved 1114112K
  class space    used 4198K, committed 4288K, reserved 1048576K
}
Event: 3.606 GC heap after
{Heap after GC invocations=11 (full 0):
 garbage-first heap   total 55296K, used 17698K [0x0000000091000000, 0x0000000100000000)
  region size 1024K, 4 young (4096K), 4 survivors (4096K)
 Metaspace       used 34491K, committed 34688K, reserved 1114112K
  class space    used 4198K, committed 4288K, reserved 1048576K
}
Event: 4.255 GC heap before
{Heap before GC invocations=11 (full 0):
 garbage-first heap   total 55296K, used 40226K [0x0000000091000000, 0x0000000100000000)
  region size 1024K, 26 young (26624K), 4 survivors (4096K)
 Metaspace       used 39665K, committed 39872K, reserved 1114112K
  class space    used 4790K, committed 4864K, reserved 1048576K
}
Event: 4.268 GC heap after
{Heap after GC invocations=12 (full 0):
 garbage-first heap   total 55296K, used 19864K [0x0000000091000000, 0x0000000100000000)
  region size 1024K, 3 young (3072K), 3 survivors (3072K)
 Metaspace       used 39665K, committed 39872K, reserved 1114112K
  class space    used 4790K, committed 4864K, reserved 1048576K
}
Event: 4.789 GC heap before
{Heap before GC invocations=12 (full 0):
 garbage-first heap   total 55296K, used 43416K [0x0000000091000000, 0x0000000100000000)
  region size 1024K, 23 young (23552K), 3 survivors (3072K)
 Metaspace       used 42287K, committed 42496K, reserved 1114112K
  class space    used 5101K, committed 5184K, reserved 1048576K
}
Event: 4.801 GC heap after
{Heap after GC invocations=13 (full 0):
 garbage-first heap   total 55296K, used 25314K [0x0000000091000000, 0x0000000100000000)
  region size 1024K, 3 young (3072K), 3 survivors (3072K)
 Metaspace       used 42287K, committed 42496K, reserved 1114112K
  class space    used 5101K, committed 5184K, reserved 1048576K
}
Event: 4.916 GC heap before
{Heap before GC invocations=13 (full 0):
 garbage-first heap   total 55296K, used 41698K [0x0000000091000000, 0x0000000100000000)
  region size 1024K, 19 young (19456K), 3 survivors (3072K)
 Metaspace       used 42368K, committed 42560K, reserved 1114112K
  class space    used 5101K, committed 5184K, reserved 1048576K
}
Event: 4.927 GC heap after
{Heap after GC invocations=14 (full 0):
 garbage-first heap   total 66560K, used 26600K [0x0000000091000000, 0x0000000100000000)
  region size 1024K, 1 young (1024K), 1 survivors (1024K)
 Metaspace       used 42368K, committed 42560K, reserved 1114112K
  class space    used 5101K, committed 5184K, reserved 1048576K
}
Event: 5.928 GC heap before
{Heap before GC invocations=14 (full 0):
 garbage-first heap   total 66560K, used 49128K [0x0000000091000000, 0x0000000100000000)
  region size 1024K, 24 young (24576K), 1 survivors (1024K)
 Metaspace       used 46581K, committed 46848K, reserved 1114112K
  class space    used 5569K, committed 5696K, reserved 1048576K
}
Event: 5.942 GC heap after
{Heap after GC invocations=15 (full 0):
 garbage-first heap   total 66560K, used 29205K [0x0000000091000000, 0x0000000100000000)
  region size 1024K, 3 young (3072K), 3 survivors (3072K)
 Metaspace       used 46581K, committed 46848K, reserved 1114112K
  class space    used 5569K, committed 5696K, reserved 1048576K
}
Event: 6.877 GC heap before
{Heap before GC invocations=15 (full 0):
 garbage-first heap   total 66560K, used 50709K [0x0000000091000000, 0x0000000100000000)
  region size 1024K, 24 young (24576K), 3 survivors (3072K)
 Metaspace       used 47547K, committed 47744K, reserved 1114112K
  class space    used 5593K, committed 5696K, reserved 1048576K
}
Event: 6.895 GC heap after
{Heap after GC invocations=16 (full 0):
 garbage-first heap   total 66560K, used 33007K [0x0000000091000000, 0x0000000100000000)
  region size 1024K, 3 young (3072K), 3 survivors (3072K)
 Metaspace       used 47547K, committed 47744K, reserved 1114112K
  class space    used 5593K, committed 5696K, reserved 1048576K
}
Event: 7.335 GC heap before
{Heap before GC invocations=16 (full 0):
 garbage-first heap   total 66560K, used 50415K [0x0000000091000000, 0x0000000100000000)
  region size 1024K, 20 young (20480K), 3 survivors (3072K)
 Metaspace       used 47838K, committed 48064K, reserved 1114112K
  class space    used 5617K, committed 5696K, reserved 1048576K
}
Event: 7.353 GC heap after
{Heap after GC invocations=17 (full 0):
 garbage-first heap   total 66560K, used 36475K [0x0000000091000000, 0x0000000100000000)
  region size 1024K, 3 young (3072K), 3 survivors (3072K)
 Metaspace       used 47838K, committed 48064K, reserved 1114112K
  class space    used 5617K, committed 5696K, reserved 1048576K
}

