# JRE version: OpenJDK Runtime Environment (17.0.7) (build 17.0.7+0-b2043.56-10550314)
# Java VM: OpenJDK 64-Bit Server VM (17.0.7+0-b2043.56-10550314, mixed mode, tiered, compressed oops, compressed class ptrs, g1 gc, windows-amd64)
GC Precious Log:
 CPUs: 8 total, 8 available
 Memory: 7103M
 Large Page Support: Disabled
 NUMA Support: Disabled
 Compressed Oops: Enabled (32-bit)
 Heap Region Size: 1M
 Heap Min Capacity: 8M
 Heap Initial Capacity: 112M
 Heap Max Capacity: 2G
 Pre-touch: Disabled
 Parallel Workers: 8
 Concurrent Workers: 2
 Concurrent Refinement Workers: 8
 Periodic GC: Disabled
Heap:
 garbage-first heap   total 107520K, used 63382K [0x0000000080000000, 0x0000000100000000)
  region size 1024K, 4 young (4096K), 1 survivors (1024K)
 Metaspace       used 56853K, committed 57344K, reserved 1114112K
  class space    used 7673K, committed 7872K, reserved 1048576K
GC Heap History (20 events):
Event: 6.363 GC heap before
{Heap before GC invocations=11 (full 0):
 garbage-first heap   total 68608K, used 53954K [0x0000000080000000, 0x0000000100000000)
  region size 1024K, 25 young (25600K), 3 survivors (3072K)
 Metaspace       used 45089K, committed 45568K, reserved 1114112K
  class space    used 5849K, committed 6080K, reserved 1048576K
}
Event: 6.367 GC heap after
{Heap after GC invocations=12 (full 0):
 garbage-first heap   total 82944K, used 31504K [0x0000000080000000, 0x0000000100000000)
  region size 1024K, 2 young (2048K), 2 survivors (2048K)
 Metaspace       used 45089K, committed 45568K, reserved 1114112K
  class space    used 5849K, committed 6080K, reserved 1048576K
}
Event: 6.932 GC heap before
{Heap before GC invocations=12 (full 0):
 garbage-first heap   total 82944K, used 63248K [0x0000000080000000, 0x0000000100000000)
  region size 1024K, 33 young (33792K), 2 survivors (2048K)
 Metaspace       used 48581K, committed 48960K, reserved 1114112K
  class space    used 6469K, committed 6656K, reserved 1048576K
}
Event: 6.937 GC heap after
{Heap after GC invocations=13 (full 0):
 garbage-first heap   total 82944K, used 33346K [0x0000000080000000, 0x0000000100000000)
  region size 1024K, 4 young (4096K), 4 survivors (4096K)
 Metaspace       used 48581K, committed 48960K, reserved 1114112K
  class space    used 6469K, committed 6656K, reserved 1048576K
}
Event: 7.608 GC heap before
{Heap before GC invocations=13 (full 0):
 garbage-first heap   total 82944K, used 64066K [0x0000000080000000, 0x0000000100000000)
  region size 1024K, 34 young (34816K), 4 survivors (4096K)
 Metaspace       used 52372K, committed 52864K, reserved 1114112K
  class space    used 7069K, committed 7296K, reserved 1048576K
}
Event: 7.612 GC heap after
{Heap after GC invocations=14 (full 0):
 garbage-first heap   total 82944K, used 34633K [0x0000000080000000, 0x0000000100000000)
  region size 1024K, 4 young (4096K), 4 survivors (4096K)
 Metaspace       used 52372K, committed 52864K, reserved 1114112K
  class space    used 7069K, committed 7296K, reserved 1048576K
}
Event: 8.537 GC heap before
{Heap before GC invocations=14 (full 0):
 garbage-first heap   total 82944K, used 63305K [0x0000000080000000, 0x0000000100000000)
  region size 1024K, 33 young (33792K), 4 survivors (4096K)
 Metaspace       used 54082K, committed 54528K, reserved 1114112K
  class space    used 7286K, committed 7488K, reserved 1048576K
}
Event: 8.544 GC heap after
{Heap after GC invocations=15 (full 0):
 garbage-first heap   total 82944K, used 38829K [0x0000000080000000, 0x0000000100000000)
  region size 1024K, 5 young (5120K), 5 survivors (5120K)
 Metaspace       used 54082K, committed 54528K, reserved 1114112K
  class space    used 7286K, committed 7488K, reserved 1048576K
}
Event: 8.695 GC heap before
{Heap before GC invocations=15 (full 0):
 garbage-first heap   total 82944K, used 50093K [0x0000000080000000, 0x0000000100000000)
  region size 1024K, 16 young (16384K), 5 survivors (5120K)
 Metaspace       used 54362K, committed 54848K, reserved 1114112K
  class space    used 7323K, committed 7552K, reserved 1048576K
}
Event: 8.700 GC heap after
{Heap after GC invocations=16 (full 0):
 garbage-first heap   total 82944K, used 42713K [0x0000000080000000, 0x0000000100000000)
  region size 1024K, 2 young (2048K), 2 survivors (2048K)
 Metaspace       used 54362K, committed 54848K, reserved 1114112K
  class space    used 7323K, committed 7552K, reserved 1048576K
}
Event: 8.762 GC heap before
{Heap before GC invocations=17 (full 0):
 garbage-first heap   total 82944K, used 47833K [0x0000000080000000, 0x0000000100000000)
  region size 1024K, 4 young (4096K), 2 survivors (2048K)
 Metaspace       used 54448K, committed 54912K, reserved 1114112K
  class space    used 7334K, committed 7552K, reserved 1048576K
}
Event: 8.764 GC heap after
{Heap after GC invocations=18 (full 0):
 garbage-first heap   total 82944K, used 47667K [0x0000000080000000, 0x0000000100000000)
  region size 1024K, 1 young (1024K), 1 survivors (1024K)
 Metaspace       used 54448K, committed 54912K, reserved 1114112K
  class space    used 7334K, committed 7552K, reserved 1048576K
}
Event: 8.822 GC heap before
{Heap before GC invocations=19 (full 0):
 garbage-first heap   total 87040K, used 49715K [0x0000000080000000, 0x0000000100000000)
  region size 1024K, 4 young (4096K), 1 survivors (1024K)
 Metaspace       used 54448K, committed 54912K, reserved 1114112K
  class space    used 7334K, committed 7552K, reserved 1048576K
}
Event: 8.824 GC heap after
{Heap after GC invocations=20 (full 0):
 garbage-first heap   total 87040K, used 50151K [0x0000000080000000, 0x0000000100000000)
  region size 1024K, 2 young (2048K), 2 survivors (2048K)
 Metaspace       used 54448K, committed 54912K, reserved 1114112K
  class space    used 7334K, committed 7552K, reserved 1048576K
}
Event: 8.923 GC heap before
{Heap before GC invocations=21 (full 0):
 garbage-first heap   total 99328K, used 59367K [0x0000000080000000, 0x0000000100000000)
  region size 1024K, 7 young (7168K), 2 survivors (2048K)
 Metaspace       used 54466K, committed 54912K, reserved 1114112K
  class space    used 7336K, committed 7552K, reserved 1048576K
}
Event: 8.926 GC heap after
{Heap after GC invocations=22 (full 0):
 garbage-first heap   total 99328K, used 57730K [0x0000000080000000, 0x0000000100000000)
  region size 1024K, 2 young (2048K), 2 survivors (2048K)
 Metaspace       used 54466K, committed 54912K, reserved 1114112K
  class space    used 7336K, committed 7552K, reserved 1048576K
}
Event: 9.095 GC heap before
{Heap before GC invocations=23 (full 0):
 garbage-first heap   total 102400K, used 68994K [0x0000000080000000, 0x0000000100000000)
  region size 1024K, 14 young (14336K), 2 survivors (2048K)
 Metaspace       used 55370K, committed 55872K, reserved 1114112K
  class space    used 7445K, committed 7680K, reserved 1048576K
}
Event: 9.097 GC heap after
{Heap after GC invocations=24 (full 0):
 garbage-first heap   total 102400K, used 59773K [0x0000000080000000, 0x0000000100000000)
  region size 1024K, 2 young (2048K), 2 survivors (2048K)
 Metaspace       used 55370K, committed 55872K, reserved 1114112K
  class space    used 7445K, committed 7680K, reserved 1048576K
}
Event: 9.365 GC heap before
{Heap before GC invocations=25 (full 0):
 garbage-first heap   total 107520K, used 75133K [0x0000000080000000, 0x0000000100000000)
  region size 1024K, 16 young (16384K), 2 survivors (2048K)
 Metaspace       used 56615K, committed 57152K, reserved 1114112K
  class space    used 7633K, committed 7872K, reserved 1048576K
}
Event: 9.367 GC heap after
{Heap after GC invocations=26 (full 0):
 garbage-first heap   total 107520K, used 61334K [0x0000000080000000, 0x0000000100000000)
  region size 1024K, 1 young (1024K), 1 survivors (1024K)
 Metaspace       used 56615K, committed 57152K, reserved 1114112K
  class space    used 7633K, committed 7872K, reserved 1048576K
}

